example/app/build/intermediates/manifest_merge_blame_file/svt4000seDebug/manifest-merger-blame-svt4000se-debug-report.txt
1<?xml version="1.0" encoding="utf-8"?>
2<manifest xmlns:android="http://schemas.android.com/apk/res/android"
3    package="com.dermalog.hardware.tutorial"
4    android:versionCode="1"
5    android:versionName="1.0-source" >
6
7    <uses-sdk
8        android:minSdkVersion="15"
8-->src\main\AndroidManifest.xml
9        android:targetSdkVersion="27" />
9-->src\main\AndroidManifest.xml
10
11    <uses-feature
11-->src\main\AndroidManifest.xml:5:5-7:36
12        android:name="android.hardware.usb.host"
12-->src\main\AndroidManifest.xml:6:9-49
13        android:required="false" />
13-->src\main\AndroidManifest.xml:7:9-33
14    <uses-feature
14-->src\main\AndroidManifest.xml:8:5-10:36
15        android:name="android.hardware.nfc"
15-->src\main\AndroidManifest.xml:9:9-44
16        android:required="false" />
16-->src\main\AndroidManifest.xml:10:9-33
17
18    <uses-permission android:name="android.permission.WRITE_EXTERNAL_STORAGE" />
18-->src\main\AndroidManifest.xml:12:5-81
18-->src\main\AndroidManifest.xml:12:22-78
19    <uses-permission android:name="android.permission.USB_PERMISSION" />
19-->src\main\AndroidManifest.xml:13:5-73
19-->src\main\AndroidManifest.xml:13:22-70
20    <uses-permission android:name="android.permission.NFC" />
20-->src\main\AndroidManifest.xml:14:5-62
20-->src\main\AndroidManifest.xml:14:22-59
21    <uses-permission android:name="android.permission.WAKE_LOCK" />
21-->src\main\AndroidManifest.xml:15:5-68
21-->src\main\AndroidManifest.xml:15:22-65
22    <uses-permission android:name="android.permission.READ_PHONE_STATE" />
22-->[:DermalogImageIO:2.0.1.1822] AndroidManifest.xml:11:5-75
22-->[:DermalogImageIO:2.0.1.1822] AndroidManifest.xml:11:22-72
23    <uses-permission android:name="android.permission.INTERNET" />
23-->[:DermalogImageIO:2.0.1.1822] AndroidManifest.xml:12:5-67
23-->[:DermalogImageIO:2.0.1.1822] AndroidManifest.xml:12:22-64
24    <uses-permission android:name="android.permission.READ_EXTERNAL_STORAGE" />
24-->[:DermalogImageIO:2.0.1.1822] AndroidManifest.xml:14:5-80
24-->[:DermalogImageIO:2.0.1.1822] AndroidManifest.xml:14:22-77
25    <uses-permission android:name="android.permission.CAMERA" />
25-->[:VisionCommon:1.0.0] AndroidManifest.xml:11:5-65
25-->[:VisionCommon:1.0.0] AndroidManifest.xml:11:22-62
26
27    <application
27-->src\main\AndroidManifest.xml:17:5-41:19
28        android:allowBackup="true"
28-->src\main\AndroidManifest.xml:18:9-35
29        android:debuggable="true"
30        android:icon="@mipmap/ic_launcher"
30-->src\main\AndroidManifest.xml:19:9-43
31        android:label="@string/app_name"
31-->src\main\AndroidManifest.xml:20:9-41
32        android:supportsRtl="true"
32-->src\main\AndroidManifest.xml:21:9-35
33        android:testOnly="true"
34        android:theme="@style/Base.Theme.AppCompat" >
34-->src\main\AndroidManifest.xml:22:9-52
35        <activity
35-->src\main\AndroidManifest.xml:23:9-31:20
36            android:name="com.dermalog.hardware.MainActivity"
36-->src\main\AndroidManifest.xml:24:13-41
37            android:screenOrientation="portrait" >
37-->src\main\AndroidManifest.xml:25:13-49
38            <intent-filter>
38-->src\main\AndroidManifest.xml:26:13-30:29
39                <action android:name="android.intent.action.MAIN" />
39-->src\main\AndroidManifest.xml:27:17-69
39-->src\main\AndroidManifest.xml:27:25-66
40
41                <category android:name="android.intent.category.LAUNCHER" />
41-->src\main\AndroidManifest.xml:29:17-77
41-->src\main\AndroidManifest.xml:29:27-74
42            </intent-filter>
43        </activity>
44        <activity
44-->src\main\AndroidManifest.xml:32:9-34:53
45            android:name="com.dermalog.hardware.FingerprintScannerActivity"
45-->src\main\AndroidManifest.xml:33:13-55
46            android:screenOrientation="landscape" />
46-->src\main\AndroidManifest.xml:34:13-50
47        <activity android:name="com.dermalog.hardware.PowerManagerActivity" />
47-->src\main\AndroidManifest.xml:35:9-58
47-->src\main\AndroidManifest.xml:35:19-55
48        <activity android:name="com.dermalog.hardware.PrinterActivity" />
48-->src\main\AndroidManifest.xml:36:9-53
48-->src\main\AndroidManifest.xml:36:19-50
49        <activity android:name="com.dermalog.hardware.CardReaderManagerActivity" />
49-->src\main\AndroidManifest.xml:37:9-63
49-->src\main\AndroidManifest.xml:37:19-60
50        <activity android:name="com.dermalog.hardware.CardReaderActivity" />
50-->src\main\AndroidManifest.xml:38:9-56
50-->src\main\AndroidManifest.xml:38:19-53
51        <activity android:name="com.dermalog.hardware.BarcodeScanActivity" />
51-->src\main\AndroidManifest.xml:39:9-57
51-->src\main\AndroidManifest.xml:39:19-54
52        <activity android:name="com.dermalog.hardware.MagneticCardActivity" />
52-->src\main\AndroidManifest.xml:40:9-57
52-->src\main\AndroidManifest.xml:40:19-55
53    </application>
54
55</manifest>